<?xml version="1.0" encoding="UTF-8"?>
<testng-results skipped="0" failed="0" total="8" passed="8">
  <reporter-output>
  </reporter-output>
  <suite name="Default suite" duration-ms="37419" started-at="2021-03-16T20:41:28Z" finished-at="2021-03-16T20:42:06Z">
    <groups>
    </groups>
    <test name="Default test" duration-ms="37419" started-at="2021-03-16T20:41:28Z" finished-at="2021-03-16T20:42:06Z">
      <class name="Tests.TestScenarios">
        <test-method status="PASS" signature="BasePageNavigation()[pri:0, instance:Tests.TestScenarios@5b275dab]" name="BasePageNavigation" duration-ms="10227" started-at="2021-03-16T23:41:28Z" finished-at="2021-03-16T23:41:38Z">
          <reporter-output>
          </reporter-output>
        </test-method> <!-- BasePageNavigation -->
        <test-method status="PASS" signature="goTo_ForSalePage()[pri:1, instance:Tests.TestScenarios@5b275dab]" name="goTo_ForSalePage" duration-ms="187" started-at="2021-03-16T23:41:38Z" finished-at="2021-03-16T23:41:39Z">
          <reporter-output>
          </reporter-output>
        </test-method> <!-- goTo_ForSalePage -->
        <test-method status="PASS" signature="Selections()[pri:2, instance:Tests.TestScenarios@5b275dab]" name="Selections" duration-ms="6212" started-at="2021-03-16T23:41:39Z" finished-at="2021-03-16T23:41:45Z">
          <reporter-output>
          </reporter-output>
        </test-method> <!-- Selections -->
        <test-method status="PASS" signature="Selections2()[pri:3, instance:Tests.TestScenarios@5b275dab]" name="Selections2" duration-ms="3591" started-at="2021-03-16T23:41:45Z" finished-at="2021-03-16T23:41:48Z">
          <reporter-output>
          </reporter-output>
        </test-method> <!-- Selections2 -->
        <test-method status="PASS" signature="Selections3()[pri:4, instance:Tests.TestScenarios@5b275dab]" name="Selections3" duration-ms="11246" started-at="2021-03-16T23:41:48Z" finished-at="2021-03-16T23:42:00Z">
          <reporter-output>
          </reporter-output>
        </test-method> <!-- Selections3 -->
        <test-method status="PASS" signature="ClickSearch()[pri:5, instance:Tests.TestScenarios@5b275dab]" name="ClickSearch" duration-ms="5220" started-at="2021-03-16T23:42:00Z" finished-at="2021-03-16T23:42:05Z">
          <reporter-output>
          </reporter-output>
        </test-method> <!-- ClickSearch -->
        <test-method status="PASS" signature="Assertions()[pri:6, instance:Tests.TestScenarios@5b275dab]" name="Assertions" duration-ms="82" started-at="2021-03-16T23:42:05Z" finished-at="2021-03-16T23:42:05Z">
          <reporter-output>
          </reporter-output>
        </test-method> <!-- Assertions -->
        <test-method status="PASS" signature="CloseWebPage()[pri:7, instance:Tests.TestScenarios@5b275dab]" name="CloseWebPage" duration-ms="610" started-at="2021-03-16T23:42:05Z" finished-at="2021-03-16T23:42:06Z">
          <reporter-output>
          </reporter-output>
        </test-method> <!-- CloseWebPage -->
      </class> <!-- Tests.TestScenarios -->
    </test> <!-- Default test -->
  </suite> <!-- Default suite -->
</testng-results>
