<?xml version="1.0" encoding="UTF-8"?>
<!-- Generated by org.testng.reporters.JUnitReportReporter -->
<testsuite hostname="DESKTOP-J80IKB4" name="Tests.TestScenarios" tests="8" failures="0" timestamp="16 Mar 2021 20:42:06 GMT" time="37.375" errors="0">
  <testcase name="Assertions" time="0.082" classname="Tests.TestScenarios"/>
  <testcase name="Selections" time="6.212" classname="Tests.TestScenarios"/>
  <testcase name="ClickSearch" time="5.220" classname="Tests.TestScenarios"/>
  <testcase name="CloseWebPage" time="0.610" classname="Tests.TestScenarios"/>
  <testcase name="Selections3" time="11.246" classname="Tests.TestScenarios"/>
  <testcase name="BasePageNavigation" time="10.227" classname="Tests.TestScenarios"/>
  <testcase name="goTo_ForSalePage" time="0.187" classname="Tests.TestScenarios"/>
  <testcase name="Selections2" time="3.591" classname="Tests.TestScenarios"/>
</testsuite> <!-- Tests.TestScenarios -->
